Determining if the pthread_create exist failed with the following output:
Change Dir: /home/bigworld/catkin_ws/build/CMakeFiles/CMakeTmp

Run Build Command:"/usr/bin/make" "cmTC_a95ab/fast"
/usr/bin/make -f CMakeFiles/cmTC_a95ab.dir/build.make CMakeFiles/cmTC_a95ab.dir/build
make[1]: Entering directory '/home/bigworld/catkin_ws/build/CMakeFiles/CMakeTmp'
Building C object CMakeFiles/cmTC_a95ab.dir/CheckSymbolExists.c.o
/usr/bin/cc    -o CMakeFiles/cmTC_a95ab.dir/CheckSymbolExists.c.o   -c /home/bigworld/catkin_ws/build/CMakeFiles/CMakeTmp/CheckSymbolExists.c
Linking C executable cmTC_a95ab
/usr/bin/cmake -E cmake_link_script CMakeFiles/cmTC_a95ab.dir/link.txt --verbose=1
/usr/bin/cc      -rdynamic CMakeFiles/cmTC_a95ab.dir/CheckSymbolExists.c.o  -o cmTC_a95ab 
CMakeFiles/cmTC_a95ab.dir/CheckSymbolExists.c.o: In function `main':
CheckSymbolExists.c:(.text+0x14): undefined reference to `pthread_create'
CheckSymbolExists.c:(.text+0x18): undefined reference to `pthread_create'
collect2: error: ld returned 1 exit status
CMakeFiles/cmTC_a95ab.dir/build.make:97: recipe for target 'cmTC_a95ab' failed
make[1]: *** [cmTC_a95ab] Error 1
make[1]: Leaving directory '/home/bigworld/catkin_ws/build/CMakeFiles/CMakeTmp'
Makefile:126: recipe for target 'cmTC_a95ab/fast' failed
make: *** [cmTC_a95ab/fast] Error 2

File /home/bigworld/catkin_ws/build/CMakeFiles/CMakeTmp/CheckSymbolExists.c:
/* */
#include <pthread.h>

int main(int argc, char** argv)
{
  (void)argv;
#ifndef pthread_create
  return ((int*)(&pthread_create))[argc];
#else
  (void)argc;
  return 0;
#endif
}

Determining if the function pthread_create exists in the pthreads failed with the following output:
Change Dir: /home/bigworld/catkin_ws/build/CMakeFiles/CMakeTmp

Run Build Command:"/usr/bin/make" "cmTC_fe9c8/fast"
/usr/bin/make -f CMakeFiles/cmTC_fe9c8.dir/build.make CMakeFiles/cmTC_fe9c8.dir/build
make[1]: Entering directory '/home/bigworld/catkin_ws/build/CMakeFiles/CMakeTmp'
Building C object CMakeFiles/cmTC_fe9c8.dir/CheckFunctionExists.c.o
/usr/bin/cc   -DCHECK_FUNCTION_EXISTS=pthread_create   -o CMakeFiles/cmTC_fe9c8.dir/CheckFunctionExists.c.o   -c /usr/share/cmake-3.10/Modules/CheckFunctionExists.c
Linking C executable cmTC_fe9c8
/usr/bin/cmake -E cmake_link_script CMakeFiles/cmTC_fe9c8.dir/link.txt --verbose=1
/usr/bin/cc  -DCHECK_FUNCTION_EXISTS=pthread_create    -rdynamic CMakeFiles/cmTC_fe9c8.dir/CheckFunctionExists.c.o  -o cmTC_fe9c8 -lpthreads 
/usr/bin/ld: cannot find -lpthreads
collect2: error: ld returned 1 exit status
CMakeFiles/cmTC_fe9c8.dir/build.make:97: recipe for target 'cmTC_fe9c8' failed
make[1]: *** [cmTC_fe9c8] Error 1
make[1]: Leaving directory '/home/bigworld/catkin_ws/build/CMakeFiles/CMakeTmp'
Makefile:126: recipe for target 'cmTC_fe9c8/fast' failed
make: *** [cmTC_fe9c8/fast] Error 2


Determining if the Q_WS_WIN exist failed with the following output:
Change Dir: /home/bigworld/catkin_ws/build/CMakeFiles/CMakeTmp

Run Build Command:"/usr/bin/make" "cmTC_e630c/fast"
make[1]: Entering directory '/home/bigworld/catkin_ws/build/CMakeFiles/CMakeTmp'
/usr/bin/make -f CMakeFiles/cmTC_e630c.dir/build.make CMakeFiles/cmTC_e630c.dir/build
make[2]: Entering directory '/home/bigworld/catkin_ws/build/CMakeFiles/CMakeTmp'
Building CXX object CMakeFiles/cmTC_e630c.dir/CheckSymbolExists.cxx.o
/usr/bin/c++   -I/usr/include/qt4   -o CMakeFiles/cmTC_e630c.dir/CheckSymbolExists.cxx.o -c /home/bigworld/catkin_ws/build/CMakeFiles/CMakeTmp/CheckSymbolExists.cxx
/home/bigworld/catkin_ws/build/CMakeFiles/CMakeTmp/CheckSymbolExists.cxx: In function ‘int main(int, char**)’:
/home/bigworld/catkin_ws/build/CMakeFiles/CMakeTmp/CheckSymbolExists.cxx:8:19: error: ‘Q_WS_WIN’ was not declared in this scope
   return ((int*)(&Q_WS_WIN))[argc];
                   ^~~~~~~~
/home/bigworld/catkin_ws/build/CMakeFiles/CMakeTmp/CheckSymbolExists.cxx:8:19: note: suggested alternative: ‘Q_WS_X11’
   return ((int*)(&Q_WS_WIN))[argc];
                   ^~~~~~~~
                   Q_WS_X11
CMakeFiles/cmTC_e630c.dir/build.make:65: recipe for target 'CMakeFiles/cmTC_e630c.dir/CheckSymbolExists.cxx.o' failed
make[2]: *** [CMakeFiles/cmTC_e630c.dir/CheckSymbolExists.cxx.o] Error 1
make[2]: Leaving directory '/home/bigworld/catkin_ws/build/CMakeFiles/CMakeTmp'
Makefile:126: recipe for target 'cmTC_e630c/fast' failed
make[1]: *** [cmTC_e630c/fast] Error 2
make[1]: Leaving directory '/home/bigworld/catkin_ws/build/CMakeFiles/CMakeTmp'

File /home/bigworld/catkin_ws/build/CMakeFiles/CMakeTmp/CheckSymbolExists.cxx:
/* */
#include <QtCore/qglobal.h>

int main(int argc, char** argv)
{
  (void)argv;
#ifndef Q_WS_WIN
  return ((int*)(&Q_WS_WIN))[argc];
#else
  (void)argc;
  return 0;
#endif
}

Determining if the Q_WS_QWS exist failed with the following output:
Change Dir: /home/bigworld/catkin_ws/build/CMakeFiles/CMakeTmp

Run Build Command:"/usr/bin/make" "cmTC_6fdc0/fast"
make[1]: Entering directory '/home/bigworld/catkin_ws/build/CMakeFiles/CMakeTmp'
/usr/bin/make -f CMakeFiles/cmTC_6fdc0.dir/build.make CMakeFiles/cmTC_6fdc0.dir/build
make[2]: Entering directory '/home/bigworld/catkin_ws/build/CMakeFiles/CMakeTmp'
Building CXX object CMakeFiles/cmTC_6fdc0.dir/CheckSymbolExists.cxx.o
/usr/bin/c++   -I/usr/include/qt4   -o CMakeFiles/cmTC_6fdc0.dir/CheckSymbolExists.cxx.o -c /home/bigworld/catkin_ws/build/CMakeFiles/CMakeTmp/CheckSymbolExists.cxx
/home/bigworld/catkin_ws/build/CMakeFiles/CMakeTmp/CheckSymbolExists.cxx: In function ‘int main(int, char**)’:
/home/bigworld/catkin_ws/build/CMakeFiles/CMakeTmp/CheckSymbolExists.cxx:8:19: error: ‘Q_WS_QWS’ was not declared in this scope
   return ((int*)(&Q_WS_QWS))[argc];
                   ^~~~~~~~
/home/bigworld/catkin_ws/build/CMakeFiles/CMakeTmp/CheckSymbolExists.cxx:8:19: note: suggested alternative: ‘Q_WS_X11’
   return ((int*)(&Q_WS_QWS))[argc];
                   ^~~~~~~~
                   Q_WS_X11
CMakeFiles/cmTC_6fdc0.dir/build.make:65: recipe for target 'CMakeFiles/cmTC_6fdc0.dir/CheckSymbolExists.cxx.o' failed
make[2]: *** [CMakeFiles/cmTC_6fdc0.dir/CheckSymbolExists.cxx.o] Error 1
make[2]: Leaving directory '/home/bigworld/catkin_ws/build/CMakeFiles/CMakeTmp'
Makefile:126: recipe for target 'cmTC_6fdc0/fast' failed
make[1]: *** [cmTC_6fdc0/fast] Error 2
make[1]: Leaving directory '/home/bigworld/catkin_ws/build/CMakeFiles/CMakeTmp'

File /home/bigworld/catkin_ws/build/CMakeFiles/CMakeTmp/CheckSymbolExists.cxx:
/* */
#include <QtCore/qglobal.h>

int main(int argc, char** argv)
{
  (void)argv;
#ifndef Q_WS_QWS
  return ((int*)(&Q_WS_QWS))[argc];
#else
  (void)argc;
  return 0;
#endif
}

Determining if the Q_WS_MAC exist failed with the following output:
Change Dir: /home/bigworld/catkin_ws/build/CMakeFiles/CMakeTmp

Run Build Command:"/usr/bin/make" "cmTC_a9fb6/fast"
make[1]: Entering directory '/home/bigworld/catkin_ws/build/CMakeFiles/CMakeTmp'
/usr/bin/make -f CMakeFiles/cmTC_a9fb6.dir/build.make CMakeFiles/cmTC_a9fb6.dir/build
make[2]: Entering directory '/home/bigworld/catkin_ws/build/CMakeFiles/CMakeTmp'
Building CXX object CMakeFiles/cmTC_a9fb6.dir/CheckSymbolExists.cxx.o
/usr/bin/c++   -I/usr/include/qt4   -o CMakeFiles/cmTC_a9fb6.dir/CheckSymbolExists.cxx.o -c /home/bigworld/catkin_ws/build/CMakeFiles/CMakeTmp/CheckSymbolExists.cxx
/home/bigworld/catkin_ws/build/CMakeFiles/CMakeTmp/CheckSymbolExists.cxx: In function ‘int main(int, char**)’:
/home/bigworld/catkin_ws/build/CMakeFiles/CMakeTmp/CheckSymbolExists.cxx:8:19: error: ‘Q_WS_MAC’ was not declared in this scope
   return ((int*)(&Q_WS_MAC))[argc];
                   ^~~~~~~~
/home/bigworld/catkin_ws/build/CMakeFiles/CMakeTmp/CheckSymbolExists.cxx:8:19: note: suggested alternative: ‘Q_WS_X11’
   return ((int*)(&Q_WS_MAC))[argc];
                   ^~~~~~~~
                   Q_WS_X11
CMakeFiles/cmTC_a9fb6.dir/build.make:65: recipe for target 'CMakeFiles/cmTC_a9fb6.dir/CheckSymbolExists.cxx.o' failed
make[2]: *** [CMakeFiles/cmTC_a9fb6.dir/CheckSymbolExists.cxx.o] Error 1
make[2]: Leaving directory '/home/bigworld/catkin_ws/build/CMakeFiles/CMakeTmp'
Makefile:126: recipe for target 'cmTC_a9fb6/fast' failed
make[1]: *** [cmTC_a9fb6/fast] Error 2
make[1]: Leaving directory '/home/bigworld/catkin_ws/build/CMakeFiles/CMakeTmp'

File /home/bigworld/catkin_ws/build/CMakeFiles/CMakeTmp/CheckSymbolExists.cxx:
/* */
#include <QtCore/qglobal.h>

int main(int argc, char** argv)
{
  (void)argv;
#ifndef Q_WS_MAC
  return ((int*)(&Q_WS_MAC))[argc];
#else
  (void)argc;
  return 0;
#endif
}

Determining if the include file pgm.h exists failed with the following output:
Change Dir: /home/bigworld/catkin_ws/build/CMakeFiles/CMakeTmp

Run Build Command:"/usr/bin/make" "cmTC_1f5a1/fast"
make[1]: Entering directory '/home/bigworld/catkin_ws/build/CMakeFiles/CMakeTmp'
/usr/bin/make -f CMakeFiles/cmTC_1f5a1.dir/build.make CMakeFiles/cmTC_1f5a1.dir/build
make[2]: Entering directory '/home/bigworld/catkin_ws/build/CMakeFiles/CMakeTmp'
Building CXX object CMakeFiles/cmTC_1f5a1.dir/CheckIncludeFile.cxx.o
/usr/bin/c++     -o CMakeFiles/cmTC_1f5a1.dir/CheckIncludeFile.cxx.o -c /home/bigworld/catkin_ws/build/CMakeFiles/CMakeTmp/CheckIncludeFile.cxx
/home/bigworld/catkin_ws/build/CMakeFiles/CMakeTmp/CheckIncludeFile.cxx:1:10: fatal error: pgm.h: No such file or directory
 #include <pgm.h>
          ^~~~~~~
compilation terminated.
CMakeFiles/cmTC_1f5a1.dir/build.make:65: recipe for target 'CMakeFiles/cmTC_1f5a1.dir/CheckIncludeFile.cxx.o' failed
make[2]: *** [CMakeFiles/cmTC_1f5a1.dir/CheckIncludeFile.cxx.o] Error 1
make[2]: Leaving directory '/home/bigworld/catkin_ws/build/CMakeFiles/CMakeTmp'
Makefile:126: recipe for target 'cmTC_1f5a1/fast' failed
make[1]: *** [cmTC_1f5a1/fast] Error 2
make[1]: Leaving directory '/home/bigworld/catkin_ws/build/CMakeFiles/CMakeTmp'


